test-modules/sample/build/intermediates/manifest_merge_blame_file/debug/manifest-merger-blame-debug-report.txt
1<?xml version="1.0" encoding="utf-8"?>
2<!--
3  ~ Copyright 2020 ZUP IT SERVICOS EM TECNOLOGIA E INOVACAO SA
4  ~
5  ~ Licensed under the Apache License, Version 2.0 (the "License");
6  ~ you may not use this file except in compliance with the License.
7  ~ You may obtain a copy of the License at
8  ~
9  ~     http://www.apache.org/licenses/LICENSE-2.0
10  ~
11  ~ Unless required by applicable law or agreed to in writing, software
12  ~ distributed under the License is distributed on an "AS IS" BASIS,
13  ~ WITHOUT WARRANTIES OR CONDITIONS OF ANY KIND, either express or implied.
14  ~ See the License for the specific language governing permissions and
15  ~ limitations under the License.
16-->
17<manifest xmlns:android="http://schemas.android.com/apk/res/android"
18    package="br.com.zup.beagle.sample"
19    android:versionCode="1"
20    android:versionName="1.0" >
21
22    <uses-sdk
23        android:minSdkVersion="19"
23-->src/main/AndroidManifest.xml
24        android:targetSdkVersion="30" />
24-->src/main/AndroidManifest.xml
25
26    <uses-permission android:name="android.permission.INTERNET" />
26-->src/main/AndroidManifest.xml:23:5-67
26-->src/main/AndroidManifest.xml:23:22-64
27
28    <application
28-->src/main/AndroidManifest.xml:25:5-66:19
29        android:name="br.com.zup.beagle.sample.BeagleUiSampleApplication"
29-->src/main/AndroidManifest.xml:26:9-50
30        android:allowBackup="true"
30-->src/main/AndroidManifest.xml:27:9-35
31        android:appComponentFactory="androidx.core.app.CoreComponentFactory"
31-->[androidx.core:core:1.6.0] AndroidManifest.xml:24:18-86
32        android:debuggable="true"
33        android:icon="@mipmap/ic_launcher"
33-->src/main/AndroidManifest.xml:28:9-43
34        android:label="@string/app_name"
34-->src/main/AndroidManifest.xml:29:9-41
35        android:roundIcon="@mipmap/ic_launcher_round"
35-->src/main/AndroidManifest.xml:30:9-54
36        android:supportsRtl="true"
36-->src/main/AndroidManifest.xml:31:9-35
37        android:testOnly="true"
38        android:theme="@style/AppTheme.NoToolbar"
38-->src/main/AndroidManifest.xml:32:9-50
39        android:usesCleartextTraffic="true" >
39-->src/main/AndroidManifest.xml:33:9-44
40        <activity android:name="br.com.zup.beagle.sample.activities.DeepLinkActivity" >
40-->src/main/AndroidManifest.xml:36:9-42:20
40-->src/main/AndroidManifest.xml:36:19-62
41            <intent-filter>
41-->src/main/AndroidManifest.xml:37:13-41:29
42                <action android:name="screen-deep-link" />
42-->src/main/AndroidManifest.xml:38:17-59
42-->src/main/AndroidManifest.xml:38:25-56
43
44                <category android:name="android.intent.category.DEFAULT" />
44-->src/main/AndroidManifest.xml:39:17-76
44-->src/main/AndroidManifest.xml:39:27-73
45            </intent-filter>
46        </activity>
47        <activity
47-->src/main/AndroidManifest.xml:43:9-52:20
48            android:name="br.com.zup.beagle.sample.MainActivity"
48-->src/main/AndroidManifest.xml:44:13-41
49            android:theme="@style/AppTheme" >
49-->src/main/AndroidManifest.xml:45:13-44
50            <intent-filter>
50-->src/main/AndroidManifest.xml:46:13-51:29
51                <action android:name="android.intent.action.MAIN" />
51-->src/main/AndroidManifest.xml:47:17-69
51-->src/main/AndroidManifest.xml:47:25-66
52                <action android:name="android.intent.action.VIEW" />
52-->src/main/AndroidManifest.xml:48:17-69
52-->src/main/AndroidManifest.xml:48:25-66
53
54                <category android:name="android.intent.category.LAUNCHER" />
54-->src/main/AndroidManifest.xml:50:17-77
54-->src/main/AndroidManifest.xml:50:27-74
55            </intent-filter>
56        </activity>
57        <activity
57-->src/main/AndroidManifest.xml:54:9-56:57
58            android:name="br.com.zup.beagle.sample.activities.NavigationBarActivity"
58-->src/main/AndroidManifest.xml:55:13-61
59            android:theme="@style/AppTheme.NoToolbar" />
59-->src/main/AndroidManifest.xml:56:13-54
60        <activity
60-->src/main/AndroidManifest.xml:58:9-61:57
61            android:name="br.com.zup.beagle.android.preview.PreviewActivity"
61-->src/main/AndroidManifest.xml:59:13-77
62            android:exported="true"
62-->src/main/AndroidManifest.xml:60:13-36
63            android:theme="@style/AppTheme.NoToolbar" />
63-->src/main/AndroidManifest.xml:61:13-54
64        <activity android:name="br.com.zup.beagle.sample.fragment.list.ListViewActivity" />
64-->src/main/AndroidManifest.xml:63:9-68
64-->src/main/AndroidManifest.xml:63:19-65
65        <activity android:name="br.com.zup.beagle.sample.fragment.list.DeprecatedListViewActivity" />
65-->src/main/AndroidManifest.xml:64:9-78
65-->src/main/AndroidManifest.xml:64:19-75
66        <activity android:name="br.com.zup.beagle.android.view.ServerDrivenActivity" />
66-->[br.com.zup.beagle:android:1.0.0-automated] AndroidManifest.xml:25:9-88
66-->[br.com.zup.beagle:android:1.0.0-automated] AndroidManifest.xml:25:19-85
67    </application>
68
69</manifest>